<?xml version="1.0" encoding="UTF-8"?>
<!-- Generated by org.testng.reporters.JUnitReportReporter -->
<testsuite hostname="DESKTOP-T9TR5J0" failures="0" tests="1" name="SampleClass1.class1" time="16.608" errors="0" timestamp="2023-12-22T19:08:49 IST" skipped="0">
  <testcase classname="SampleClass1.class1" name="signUp" time="16.608"/>
</testsuite> <!-- SampleClass1.class1 -->
